Arguments: 
  /usr/local/Cellar/node/9.11.1/bin/node /usr/local/Cellar/yarn/1.5.1_1/libexec/bin/yarn.js update

PATH: 
  /Users/Odz/.rvm/gems/ruby-2.4.0/bin:/Users/Odz/.rvm/gems/ruby-2.4.0@global/bin:/Users/Odz/.rvm/rubies/ruby-2.4.0/bin:/Users/Odz/.jenv/shims:/usr/local/bin:/usr/bin:/bin:/usr/sbin:/sbin:/Library/TeX/texbin:/opt/X11/bin:/Users/Odz/.rvm/bin

Yarn version: 
  1.5.1

Node version: 
  9.11.1

Platform: 
  darwin x64

npm manifest: 
  {
    "name": "reveal.js",
    "version": "3.4.1",
    "description": "The HTML Presentation Framework",
    "homepage": "http://lab.hakim.se/reveal-js",
    "subdomain": "revealjs",
    "main": "js/reveal.js",
    "scripts": {
      "test": "grunt test",
      "start": "grunt serve"
    },
    "author": {
      "name": "Hakim El Hattab",
      "email": "hakim.elhattab@gmail.com",
      "web": "http://hakim.se"
    },
    "repository": {
      "type": "git",
      "url": "git://github.com/hakimel/reveal.js.git"
    },
    "engines": {
      "node": ">=4.0.0"
    },
    "dependencies": {
      "express": "~4.14.0",
      "grunt-cli": "~1.2.0",
      "mustache": "~2.2.1",
      "npm": "^6.0.0",
      "socket.io": "^1.4.8"
    },
    "devDependencies": {
      "grunt": "~1.0.1",
      "grunt-autoprefixer": "~3.0.3",
      "grunt-contrib-connect": "~0.11.2",
      "grunt-contrib-cssmin": "~0.14.0",
      "grunt-contrib-jshint": "~0.11.3",
      "grunt-contrib-qunit": "~1.2.0",
      "grunt-contrib-uglify": "~0.9.2",
      "grunt-contrib-watch": "~1.0.0",
      "grunt-sass": "~1.2.0",
      "grunt-retire": "~0.3.10",
      "grunt-zip": "~0.17.1",
      "node-sass": "~3.13.0"
    },
    "license": "MIT"
  }

yarn manifest: 
  No manifest

Lockfile: 
  No lockfile

Trace: 
  Error: Command "update" not found.
      at new MessageError (/usr/local/Cellar/yarn/1.5.1_1/libexec/lib/cli.js:186:110)
      at /usr/local/Cellar/yarn/1.5.1_1/libexec/lib/cli.js:87307:17
      at Generator.next (<anonymous>)
      at step (/usr/local/Cellar/yarn/1.5.1_1/libexec/lib/cli.js:98:30)
      at /usr/local/Cellar/yarn/1.5.1_1/libexec/lib/cli.js:116:14
      at new Promise (<anonymous>)
      at new F (/usr/local/Cellar/yarn/1.5.1_1/libexec/lib/cli.js:23451:28)
      at /usr/local/Cellar/yarn/1.5.1_1/libexec/lib/cli.js:95:12
      at runCommand (/usr/local/Cellar/yarn/1.5.1_1/libexec/lib/cli.js:87312:22)
      at Object.<anonymous> (/usr/local/Cellar/yarn/1.5.1_1/libexec/lib/cli.js:87412:14)
